-------------------------------------------------------------------------------
Test set: com.blaze.test.runner.COM_Blaze_Test
-------------------------------------------------------------------------------
Tests run: 1, Failures: 0, Errors: 1, Skipped: 0, Time elapsed: 0.216 sec <<< FAILURE!
initializationError(com.blaze.test.runner.COM_Blaze_Test)  Time elapsed: 0.008 sec  <<< ERROR!
java.lang.BootstrapMethodError: java.lang.IllegalAccessError: no such method: io.cucumber.tagexpressions.TagExpressionParser.parse(String)Expression/invokeStatic
	at io.cucumber.core.options.CucumberPropertiesParser.parse(CucumberPropertiesParser.java:83)
	at io.cucumber.junit.Cucumber.<init>(Cucumber.java:117)
	at sun.reflect.NativeConstructorAccessorImpl.newInstance0(Native Method)
	at sun.reflect.NativeConstructorAccessorImpl.newInstance(NativeConstructorAccessorImpl.java:62)
	at sun.reflect.DelegatingConstructorAccessorImpl.newInstance(DelegatingConstructorAccessorImpl.java:45)
	at java.lang.reflect.Constructor.newInstance(Constructor.java:423)
	at org.junit.internal.builders.AnnotatedBuilder.buildRunner(AnnotatedBuilder.java:104)
	at org.junit.internal.builders.AnnotatedBuilder.runnerForClass(AnnotatedBuilder.java:86)
	at org.junit.runners.model.RunnerBuilder.safeRunnerForClass(RunnerBuilder.java:70)
	at org.junit.internal.builders.AllDefaultPossibilitiesBuilder.runnerForClass(AllDefaultPossibilitiesBuilder.java:37)
	at org.junit.runners.model.RunnerBuilder.safeRunnerForClass(RunnerBuilder.java:70)
	at org.junit.internal.requests.ClassRequest.createRunner(ClassRequest.java:28)
	at org.junit.internal.requests.MemoizingRequest.getRunner(MemoizingRequest.java:19)
	at org.apache.maven.surefire.junit4.JUnit4Provider.execute(JUnit4Provider.java:250)
	at org.apache.maven.surefire.junit4.JUnit4Provider.executeTestSet(JUnit4Provider.java:141)
	at org.apache.maven.surefire.junit4.JUnit4Provider.invoke(JUnit4Provider.java:112)
	at sun.reflect.NativeMethodAccessorImpl.invoke0(Native Method)
	at sun.reflect.NativeMethodAccessorImpl.invoke(NativeMethodAccessorImpl.java:62)
	at sun.reflect.DelegatingMethodAccessorImpl.invoke(DelegatingMethodAccessorImpl.java:43)
	at java.lang.reflect.Method.invoke(Method.java:498)
	at org.apache.maven.surefire.util.ReflectionUtils.invokeMethodWithArray(ReflectionUtils.java:189)
	at org.apache.maven.surefire.booter.ProviderFactory$ProviderProxy.invoke(ProviderFactory.java:165)
	at org.apache.maven.surefire.booter.ProviderFactory.invokeProvider(ProviderFactory.java:85)
	at org.apache.maven.surefire.booter.ForkedBooter.runSuitesInProcess(ForkedBooter.java:115)
	at org.apache.maven.surefire.booter.ForkedBooter.main(ForkedBooter.java:75)
Caused by: java.lang.IllegalAccessError: no such method: io.cucumber.tagexpressions.TagExpressionParser.parse(String)Expression/invokeStatic
	at java.lang.invoke.MethodHandleNatives.linkMethodHandleConstant(MethodHandleNatives.java:483)
	... 25 more
Caused by: java.lang.IncompatibleClassChangeError: Expected static method io.cucumber.tagexpressions.TagExpressionParser.parse(Ljava/lang/String;)Lio/cucumber/tagexpressions/Expression;
	at java.lang.invoke.MethodHandleNatives.resolve(Native Method)
	at java.lang.invoke.MemberName$Factory.resolve(MemberName.java:975)
	at java.lang.invoke.MemberName$Factory.resolveOrFail(MemberName.java:1000)
	at java.lang.invoke.MethodHandles$Lookup.resolveOrFail(MethodHandles.java:1394)
	at java.lang.invoke.MethodHandles$Lookup.linkMethodHandleConstant(MethodHandles.java:1750)
	at java.lang.invoke.MethodHandleNatives.linkMethodHandleConstant(MethodHandleNatives.java:477)
	... 25 more

